Arguments: 
  C:\Program Files\nodejs\node.exe C:\Users\Sam\AppData\Roaming\npm\node_modules\yarn\bin\yarn.js install

PATH: 
  C:\Program Files\Eclipse Adoptium\jdk-17.0.6.10-hotspot\bin;C:\Windows\system32;C:\Windows;C:\Windows\System32\Wbem;C:\Windows\System32\WindowsPowerShell\v1.0\;C:\Windows\System32\OpenSSH\;C:\Program Files\nodejs\;C:\Program Files\dotnet\;C:\Program Files\Git\cmd;C:\Program Files\Docker\Docker\resources\bin;C:\ProgramData\DockerDesktop\version-bin;C:\ProgramData\chocolatey\bin;C:\Users\Sam\AppData\Local\Programs\Python\Python310\Scripts\;C:\Users\Sam\AppData\Local\Programs\Python\Python310\;C:\Users\Sam\AppData\Local\Microsoft\WindowsApps;C:\Users\Sam\AppData\Roaming\npm;C:\Users\Sam\AppData\Local\Programs\Microsoft VS Code\bin

Yarn version: 
  1.22.19

Node version: 
  16.15.0

Platform: 
  win32 x64

Trace: 
  Error: https://registry.yarnpkg.com/@mui/icons-material/-/icons-material-5.11.0.tgz: ESOCKETTIMEDOUT
      at ClientRequest.<anonymous> (C:\Users\Sam\AppData\Roaming\npm\node_modules\yarn\lib\cli.js:141517:19)
      at Object.onceWrapper (node:events:641:28)
      at ClientRequest.emit (node:events:527:28)
      at TLSSocket.emitRequestTimeout (node:_http_client:771:9)
      at Object.onceWrapper (node:events:641:28)
      at TLSSocket.emit (node:events:539:35)
      at TLSSocket.Socket._onTimeout (node:net:516:8)
      at listOnTimeout (node:internal/timers:559:17)
      at processTimers (node:internal/timers:502:7)

npm manifest: 
  {
    "name": "react-giftcard-nft",
    "homepage": "https://sam-shariat.github.io/react-giftcard-nft",
    "version": "0.0.2",
    "private": true,
    "scripts": {
      "dev": "vite",
      "build": "vite build",
      "serve": "vite preview",
      "predeploy": "npm run build",
      "deploy": "gh-pages -d dist"
    },
    "dependencies": {
      "@emotion/react": "latest",
      "@emotion/styled": "latest",
      "@mui/icons-material": "^5.8.4",
      "@mui/material": "latest",
      "gh-pages": "^5.0.0",
      "react": "latest",
      "react-dom": "latest",
      "react-helmet": "^6.1.0",
      "react-highlight": "^0.14.0",
      "react-loadable": "^5.5.0",
      "react-router-dom": "^6.3.0"
    },
    "devDependencies": {
      "@vitejs/plugin-react": "latest",
      "vite": "latest"
    }
  }

yarn manifest: 
  No manifest

Lockfile: 
  No lockfile
